<?xml version="1.0" encoding="UTF-8" ?>
<testsuite tests="2" failures="2" name="POETest" time="12.328" errors="0" skipped="0">
  <properties>
[...]
</properties>
  <testcase classname="POETest" name="POETest.testSetpasswords" time="8.216">
    <failure message="Password12_ ==&gt; expected: &lt;Password meets complexity requirements&gt; but was: &lt;Ch&amp;&amp;sec@ke99!&gt;" type="org.opentest4j.AssertionFailedError">org.opentest4j.AssertionFailedError: Password12_ ==&gt; expected: &lt;Password meets complexity requirements&gt; but was: &lt;Ch&amp;&amp;sec@ke99!&gt;
	at org.junit.jupiter.api.AssertionUtils.fail(AssertionUtils.java:55)
	at org.junit.jupiter.api.AssertionUtils.failNotEqual(AssertionUtils.java:62)
	at org.junit.jupiter.api.AssertEquals.assertEquals(AssertEquals.java:182)
	at org.junit.jupiter.api.Assertions.assertEquals(Assertions.java:1135)
	at POETest.testSetpasswords(POETest.java:17)
</failure>
  </testcase>
  <testcase classname="POETest" name="POETest.testSetusername" time="4.112">
    <failure message="_ ==&gt; expected: &lt;Username correctly formatted&gt; but was: &lt;null&gt;" type="org.opentest4j.AssertionFailedError">org.opentest4j.AssertionFailedError: _ ==&gt; expected: &lt;Username correctly formatted&gt; but was: &lt;null&gt;
	at org.junit.jupiter.api.AssertionUtils.fail(AssertionUtils.java:55)
	at org.junit.jupiter.api.AssertionUtils.failNotEqual(AssertionUtils.java:62)
	at org.junit.jupiter.api.AssertEquals.assertEquals(AssertEquals.java:182)
	at org.junit.jupiter.api.Assertions.assertEquals(Assertions.java:1135)
	at POETest.testSetusername(POETest.java:10)
</failure>
  </testcase>
</testsuite>