<?xml version="1.0" encoding="UTF-8" ?>
<testsuite tests="11" failures="11" name="RegisterTest" time="19.031" errors="0" skipped="0">
  <properties>
[...]
</properties>
  <testcase classname="RegisterTest" name="RegisterTest.testLogusername" time="0.041">
    <failure message="Cannot invoke &quot;Login.logusername()&quot; because &quot;instance&quot; is null" type="java.lang.NullPointerException">java.lang.NullPointerException: Cannot invoke &quot;Login.logusername()&quot; because &quot;instance&quot; is null
	at RegisterTest.testLogusername(RegisterTest.java:44)
</failure>
    <system-out>logusername
</system-out>
  </testcase>
  <testcase classname="RegisterTest" name="RegisterTest.testRegisterUser" time="0.002">
    <failure message="Cannot invoke &quot;Login.registerUser()&quot; because &quot;instance&quot; is null" type="java.lang.NullPointerException">java.lang.NullPointerException: Cannot invoke &quot;Login.registerUser()&quot; because &quot;instance&quot; is null
	at RegisterTest.testRegisterUser(RegisterTest.java:126)
</failure>
    <system-out>registerUser
</system-out>
  </testcase>
  <testcase classname="RegisterTest" name="RegisterTest.testSetUsername" time="0.001">
    <failure message="Cannot invoke &quot;Login.setUsername(String)&quot; because &quot;instance&quot; is null" type="java.lang.NullPointerException">java.lang.NullPointerException: Cannot invoke &quot;Login.setUsername(String)&quot; because &quot;instance&quot; is null
	at RegisterTest.testSetUsername(RegisterTest.java:58)
</failure>
    <system-out>setUsername
</system-out>
  </testcase>
  <testcase classname="RegisterTest" name="RegisterTest.testLogpassword" time="0">
    <failure message="Cannot invoke &quot;Login.logpassword()&quot; because &quot;instance&quot; is null" type="java.lang.NullPointerException">java.lang.NullPointerException: Cannot invoke &quot;Login.logpassword()&quot; because &quot;instance&quot; is null
	at RegisterTest.testLogpassword(RegisterTest.java:71)
</failure>
    <system-out>logpassword
</system-out>
  </testcase>
  <testcase classname="RegisterTest" name="RegisterTest.testSetpasswords" time="18.05">
    <failure message="Cannot invoke &quot;String.length()&quot; because &quot;password&quot; is null" type="java.lang.NullPointerException">java.lang.NullPointerException: Cannot invoke &quot;String.length()&quot; because &quot;password&quot; is null
	at Register.Setpasswords(Register.java:60)
	at RegisterTest.testSetpasswords(RegisterTest.java:33)
</failure>
    <system-out>Setpasswords
</system-out>
  </testcase>
  <testcase classname="RegisterTest" name="RegisterTest.testSetusername" time="0.917">
    <failure message="Cannot invoke &quot;String.length()&quot; because &quot;username&quot; is null" type="java.lang.NullPointerException">java.lang.NullPointerException: Cannot invoke &quot;String.length()&quot; because &quot;username&quot; is null
	at Register.Setusername(Register.java:42)
	at RegisterTest.testSetusername(RegisterTest.java:18)
</failure>
    <system-out>Setusername
</system-out>
  </testcase>
  <testcase classname="RegisterTest" name="RegisterTest.testSetPassword" time="0.001">
    <failure message="Cannot invoke &quot;Login.setPassword(String)&quot; because &quot;instance&quot; is null" type="java.lang.NullPointerException">java.lang.NullPointerException: Cannot invoke &quot;Login.setPassword(String)&quot; because &quot;instance&quot; is null
	at RegisterTest.testSetPassword(RegisterTest.java:85)
</failure>
    <system-out>setPassword
</system-out>
  </testcase>
  <testcase classname="RegisterTest" name="RegisterTest.testLoginUser" time="0.001">
    <failure message="Cannot invoke &quot;Login.loginUser()&quot; because &quot;instance&quot; is null" type="java.lang.NullPointerException">java.lang.NullPointerException: Cannot invoke &quot;Login.loginUser()&quot; because &quot;instance&quot; is null
	at RegisterTest.testLoginUser(RegisterTest.java:140)
</failure>
    <system-out>loginUser
</system-out>
  </testcase>
  <testcase classname="RegisterTest" name="RegisterTest.testCheckUserName" time="0">
    <failure message="Cannot invoke &quot;Login.checkUserName()&quot; because &quot;instance&quot; is null" type="java.lang.NullPointerException">java.lang.NullPointerException: Cannot invoke &quot;Login.checkUserName()&quot; because &quot;instance&quot; is null
	at RegisterTest.testCheckUserName(RegisterTest.java:98)
</failure>
    <system-out>checkUserName
</system-out>
  </testcase>
  <testcase classname="RegisterTest" name="RegisterTest.testCheckPasswordComplexity" time="0.009">
    <failure message="Cannot invoke &quot;Login.checkPasswordComplexity()&quot; because &quot;instance&quot; is null" type="java.lang.NullPointerException">java.lang.NullPointerException: Cannot invoke &quot;Login.checkPasswordComplexity()&quot; because &quot;instance&quot; is null
	at RegisterTest.testCheckPasswordComplexity(RegisterTest.java:112)
</failure>
    <system-out>checkPasswordComplexity
</system-out>
  </testcase>
  <testcase classname="RegisterTest" name="RegisterTest.testReturnLoginStatus" time="0.009">
    <failure message="Cannot invoke &quot;Login.returnLoginStatus()&quot; because &quot;instance&quot; is null" type="java.lang.NullPointerException">java.lang.NullPointerException: Cannot invoke &quot;Login.returnLoginStatus()&quot; because &quot;instance&quot; is null
	at RegisterTest.testReturnLoginStatus(RegisterTest.java:154)
</failure>
    <system-out>returnLoginStatus
</system-out>
  </testcase>
</testsuite>